[ 2014-04-20T13:39:52+08:00 ] 0.0.0.0 /shuxiu/index.php/Order/Array
ERR: 非法操作:Array

[ 2014-04-20T13:39:52+08:00 ] 0.0.0.0 /shuxiu/index.php/Order/Array
ERR: 非法操作:Array

[ 2014-04-20T13:44:29+08:00 ] 0.0.0.0 /shuxiu/index.php/Order/Array
ERR: 非法操作:Array

[ 2014-04-20T13:44:30+08:00 ] 0.0.0.0 /shuxiu/index.php/Order/Array
ERR: 非法操作:Array

[ 2014-04-20T13:48:36+08:00 ] 0.0.0.0 /shuxiu/index.php/Order/Array
ERR: 非法操作:Array

[ 2014-04-20T13:48:37+08:00 ] 0.0.0.0 /shuxiu/index.php/Order/Array
ERR: 非法操作:Array

[ 2014-04-20T13:49:15+08:00 ] 0.0.0.0 /shuxiu/index.php/Order/Array
ERR: 非法操作:Array

[ 2014-04-20T13:49:15+08:00 ] 0.0.0.0 /shuxiu/index.php/Order/Array
ERR: 非法操作:Array

[ 2014-04-20T13:49:15+08:00 ] 0.0.0.0 /shuxiu/index.php/Order/Array
ERR: 非法操作:Array

[ 2014-04-20T13:49:16+08:00 ] 0.0.0.0 /shuxiu/index.php/Order/Array
ERR: 非法操作:Array

[ 2014-04-20T13:51:25+08:00 ] 0.0.0.0 /shuxiu/index.php/Order/Public/upload/
ERR: 非法操作:Public

[ 2014-04-20T13:51:25+08:00 ] 0.0.0.0 /shuxiu/index.php/Order/Public/upload/
ERR: 非法操作:Public

[ 2014-04-20T13:51:32+08:00 ] 0.0.0.0 /shuxiu/index.php/Order/Public/upload
ERR: 非法操作:Public

[ 2014-04-20T13:51:33+08:00 ] 0.0.0.0 /shuxiu/index.php/Order/Public/upload
ERR: 非法操作:Public

[ 2014-04-20T13:52:00+08:00 ] 0.0.0.0 /shuxiu/index.php/Order/Public/upload
ERR: 非法操作:Public

[ 2014-04-20T13:52:01+08:00 ] 0.0.0.0 /shuxiu/index.php/Order/Public/upload
ERR: 非法操作:Public

[ 2014-04-20T13:52:36+08:00 ] 0.0.0.0 /shuxiu/index.php/Order/Public/upload
ERR: 非法操作:Public

[ 2014-04-20T13:52:37+08:00 ] 0.0.0.0 /shuxiu/index.php/Order/Public/upload
ERR: 非法操作:Public

[ 2014-04-20T13:53:03+08:00 ] 0.0.0.0 /shuxiu/index.php/Order/Public/upload
ERR: 非法操作:Public

[ 2014-04-20T13:53:04+08:00 ] 0.0.0.0 /shuxiu/index.php/Order/Public/upload
ERR: 非法操作:Public

[ 2014-04-20T13:53:58+08:00 ] 0.0.0.0 /shuxiu/index.php/Order/Public/upload
ERR: 非法操作:Public

[ 2014-04-20T13:54:01+08:00 ] 0.0.0.0 /shuxiu/index.php/Order/Public/upload
ERR: 非法操作:Public

[ 2014-04-20T13:54:14+08:00 ] 0.0.0.0 /shuxiu/index.php/Order/Public/upload
ERR: 非法操作:Public

[ 2014-04-20T13:54:14+08:00 ] 0.0.0.0 /shuxiu/index.php/Order/Public/upload
ERR: 非法操作:Public

[ 2014-04-20T13:54:42+08:00 ] 0.0.0.0 /shuxiu/index.php/Order/Public/upload
ERR: 非法操作:Public

[ 2014-04-20T13:54:43+08:00 ] 0.0.0.0 /shuxiu/index.php/Order/Public/upload
ERR: 非法操作:Public

[ 2014-04-20T13:55:24+08:00 ] 0.0.0.0 /shuxiu/index.php/Order/Public/upload
ERR: 非法操作:Public

[ 2014-04-20T13:55:25+08:00 ] 0.0.0.0 /shuxiu/index.php/Order/Public/upload
ERR: 非法操作:Public

[ 2014-04-20T13:55:57+08:00 ] 0.0.0.0 /shuxiu/index.php/Order/Public/upload
ERR: 非法操作:Public

[ 2014-04-20T13:55:58+08:00 ] 0.0.0.0 /shuxiu/index.php/Order/Public/upload
ERR: 非法操作:Public

[ 2014-04-20T13:56:00+08:00 ] 0.0.0.0 /shuxiu/index.php/Order/Public/upload
ERR: 非法操作:Public

[ 2014-04-20T13:56:00+08:00 ] 0.0.0.0 /shuxiu/index.php/Order/Public/upload
ERR: 非法操作:Public

[ 2014-04-20T13:58:45+08:00 ] 0.0.0.0 /shuxiu/index.php/Order/APP/Public/upload
ERR: 非法操作:APP

[ 2014-04-20T13:58:46+08:00 ] 0.0.0.0 /shuxiu/index.php/Order/APP/Public/upload
ERR: 非法操作:APP

[ 2014-04-20T13:59:03+08:00 ] 0.0.0.0 /shuxiu/index.php/Order/PUBLIC/Public/upload
ERR: 非法操作:PUBLIC

[ 2014-04-20T13:59:03+08:00 ] 0.0.0.0 /shuxiu/index.php/Order/PUBLIC/Public/upload
ERR: 非法操作:PUBLIC

[ 2014-04-20T14:26:57+08:00 ] 0.0.0.0 /shuxiu/index.php/Order/Order/gender/1.html
ERR: 非法操作:Order

[ 2014-04-20T15:17:39+08:00 ] 0.0.0.0 /shuxiu/index.php/Slide/view/type/0/cat/2
ERR: 非法操作:view

[ 2014-04-20T15:19:54+08:00 ] 0.0.0.0 /shuxiu/index.php/Order/info.html
ERR: 非法操作:info

[ 2014-04-20T15:29:41+08:00 ] 0.0.0.0 /shuxiu/index.php/cat/2.html
ERR: 无法加载模块:cat

[ 2014-04-20T15:30:16+08:00 ] 0.0.0.0 /shuxiu/index.php/cat/2.html
ERR: 无法加载模块:cat

[ 2014-04-20T16:10:06+08:00 ] 0.0.0.0 /shuxiu/index.php/User/Index.html
ERR: 非法操作:Index

[ 2014-04-20T16:10:16+08:00 ] 0.0.0.0 /shuxiu/index.php/User/Index.html
ERR: 非法操作:Index

[ 2014-04-20T16:57:24+08:00 ] 0.0.0.0 /shuxiu/index.php/SPage/exec/OPE/addContent/
INFO: [ app_begin ] --START--
INFO: ReadHtmlCache Behavior ::run [ RunTime:0.000698s ]
INFO: [ app_begin ] --END-- [ RunTime:0.000744s ]
NOTIC: [8192] mysql_connect(): The mysql extension is deprecated and will be removed in the future: use mysqli or PDO instead D:\xampp\htdocs\shuxiu\ThinkPHP\Lib\Driver\Db\DbMysql.class.php 第 55 行.
SQL: SHOW COLUMNS FROM `sx_category` [ RunTime:0.043330s ]
SQL: SHOW COLUMNS FROM `sx_content` [ RunTime:0.004473s ]
SQL: SHOW COLUMNS FROM `sx_admin_user` [ RunTime:0.004706s ]
SQL: INSERT INTO `sx_content` (`cid`,`title`,`content`,`description`,`inputtime`,`updatetime`) VALUES (0,'E','&lt;p&gt;afasfsf&lt;/p&gt;','&lt;p&gt;afasfsf&lt;/p&gt;',1397984244,1397984244) [ RunTime:0.012590s ]
NOTIC: [2] Missing argument 2 for SPageAction::ajaxEcho(), called in D:\xampp\htdocs\shuxiu\Lib\Action\SPageAction.class.php on line 172 and defined D:\xampp\htdocs\shuxiu\Lib\Action\SPageAction.class.php 第 281 行.
NOTIC: [8] Undefined variable: arr D:\xampp\htdocs\shuxiu\Lib\Action\SPageAction.class.php 第 299 行.
NOTIC: [2] Invalid argument supplied for foreach() D:\xampp\htdocs\shuxiu\Lib\Action\SPageAction.class.php 第 299 行.

[ 2014-04-20T16:57:31+08:00 ] 0.0.0.0 /shuxiu/index.php/SPage/exec/OPE/addContent/
INFO: [ app_begin ] --START--
INFO: ReadHtmlCache Behavior ::run [ RunTime:0.000656s ]
INFO: [ app_begin ] --END-- [ RunTime:0.000701s ]
NOTIC: [8192] mysql_connect(): The mysql extension is deprecated and will be removed in the future: use mysqli or PDO instead D:\xampp\htdocs\shuxiu\ThinkPHP\Lib\Driver\Db\DbMysql.class.php 第 55 行.
SQL: SHOW COLUMNS FROM `sx_category` [ RunTime:0.005268s ]
SQL: SHOW COLUMNS FROM `sx_content` [ RunTime:0.004625s ]
SQL: SHOW COLUMNS FROM `sx_admin_user` [ RunTime:0.004339s ]
SQL: INSERT INTO `sx_content` (`cid`,`title`,`content`,`description`,`inputtime`,`updatetime`) VALUES (0,'E','&lt;p&gt;afasfsf&lt;/p&gt;','&lt;p&gt;afasfsf&lt;/p&gt;',1397984251,1397984251) [ RunTime:0.031906s ]
NOTIC: [2] Missing argument 2 for SPageAction::ajaxEcho(), called in D:\xampp\htdocs\shuxiu\Lib\Action\SPageAction.class.php on line 172 and defined D:\xampp\htdocs\shuxiu\Lib\Action\SPageAction.class.php 第 281 行.
NOTIC: [8] Undefined variable: arr D:\xampp\htdocs\shuxiu\Lib\Action\SPageAction.class.php 第 299 行.
NOTIC: [2] Invalid argument supplied for foreach() D:\xampp\htdocs\shuxiu\Lib\Action\SPageAction.class.php 第 299 行.

[ 2014-04-20T16:58:27+08:00 ] 0.0.0.0 /shuxiu/index.php/SPage/exec/OPE/addContent/
INFO: [ app_begin ] --START--
INFO: ReadHtmlCache Behavior ::run [ RunTime:0.000604s ]
INFO: [ app_begin ] --END-- [ RunTime:0.000655s ]
NOTIC: [8192] mysql_connect(): The mysql extension is deprecated and will be removed in the future: use mysqli or PDO instead D:\xampp\htdocs\shuxiu\ThinkPHP\Lib\Driver\Db\DbMysql.class.php 第 55 行.
SQL: SHOW COLUMNS FROM `sx_category` [ RunTime:0.005370s ]
SQL: SHOW COLUMNS FROM `sx_content` [ RunTime:0.004399s ]
SQL: SHOW COLUMNS FROM `sx_admin_user` [ RunTime:0.004288s ]
SQL: INSERT INTO `sx_content` (`cid`,`title`,`content`,`description`,`inputtime`,`updatetime`) VALUES (0,'EE','&lt;p&gt;sfafasf&lt;br/&gt;&lt;/p&gt;','&lt;p&gt;sfafasf&lt;br/&gt;&lt;/p&gt;',1397984306,1397984306) [ RunTime:0.026956s ]
NOTIC: [2] Missing argument 2 for SPageAction::ajaxEcho(), called in D:\xampp\htdocs\shuxiu\Lib\Action\SPageAction.class.php on line 172 and defined D:\xampp\htdocs\shuxiu\Lib\Action\SPageAction.class.php 第 281 行.
NOTIC: [8] Undefined variable: arr D:\xampp\htdocs\shuxiu\Lib\Action\SPageAction.class.php 第 299 行.
NOTIC: [2] Invalid argument supplied for foreach() D:\xampp\htdocs\shuxiu\Lib\Action\SPageAction.class.php 第 299 行.

[ 2014-04-20T16:59:23+08:00 ] 0.0.0.0 /shuxiu/index.php/SPage/exec/OPE/addContent/
INFO: [ app_begin ] --START--
INFO: ReadHtmlCache Behavior ::run [ RunTime:0.000612s ]
INFO: [ app_begin ] --END-- [ RunTime:0.000661s ]
NOTIC: [8192] mysql_connect(): The mysql extension is deprecated and will be removed in the future: use mysqli or PDO instead D:\xampp\htdocs\shuxiu\ThinkPHP\Lib\Driver\Db\DbMysql.class.php 第 55 行.
SQL: SHOW COLUMNS FROM `sx_category` [ RunTime:0.005532s ]
SQL: SHOW COLUMNS FROM `sx_content` [ RunTime:0.004242s ]
SQL: SHOW COLUMNS FROM `sx_admin_user` [ RunTime:0.004498s ]
SQL: INSERT INTO `sx_content` (`cid`,`title`,`content`,`description`,`inputtime`,`updatetime`) VALUES (0,'as','&lt;p&gt;afsa&lt;br/&gt;&lt;/p&gt;','&lt;p&gt;afsa&lt;br/&gt;&lt;/p&gt;',1397984363,1397984363) [ RunTime:0.004752s ]
NOTIC: [2] Missing argument 2 for SPageAction::ajaxEcho(), called in D:\xampp\htdocs\shuxiu\Lib\Action\SPageAction.class.php on line 172 and defined D:\xampp\htdocs\shuxiu\Lib\Action\SPageAction.class.php 第 281 行.
NOTIC: [8] Undefined variable: arr D:\xampp\htdocs\shuxiu\Lib\Action\SPageAction.class.php 第 299 行.
NOTIC: [2] Invalid argument supplied for foreach() D:\xampp\htdocs\shuxiu\Lib\Action\SPageAction.class.php 第 299 行.

[ 2014-04-20T16:59:27+08:00 ] 0.0.0.0 /shuxiu/index.php/SPage/exec/OPE/addContent/
INFO: [ app_begin ] --START--
INFO: ReadHtmlCache Behavior ::run [ RunTime:0.000598s ]
INFO: [ app_begin ] --END-- [ RunTime:0.000649s ]
NOTIC: [8192] mysql_connect(): The mysql extension is deprecated and will be removed in the future: use mysqli or PDO instead D:\xampp\htdocs\shuxiu\ThinkPHP\Lib\Driver\Db\DbMysql.class.php 第 55 行.
SQL: SHOW COLUMNS FROM `sx_category` [ RunTime:0.005374s ]
SQL: SHOW COLUMNS FROM `sx_content` [ RunTime:0.004275s ]
SQL: SHOW COLUMNS FROM `sx_admin_user` [ RunTime:0.004406s ]
SQL: INSERT INTO `sx_content` (`cid`,`title`,`content`,`description`,`inputtime`,`updatetime`) VALUES (0,'as','&lt;p&gt;afsa&lt;br/&gt;&lt;/p&gt;','&lt;p&gt;afsa&lt;br/&gt;&lt;/p&gt;',1397984367,1397984367) [ RunTime:0.020932s ]
NOTIC: [2] Missing argument 2 for SPageAction::ajaxEcho(), called in D:\xampp\htdocs\shuxiu\Lib\Action\SPageAction.class.php on line 172 and defined D:\xampp\htdocs\shuxiu\Lib\Action\SPageAction.class.php 第 281 行.
NOTIC: [8] Undefined variable: arr D:\xampp\htdocs\shuxiu\Lib\Action\SPageAction.class.php 第 299 行.
NOTIC: [2] Invalid argument supplied for foreach() D:\xampp\htdocs\shuxiu\Lib\Action\SPageAction.class.php 第 299 行.

[ 2014-04-20T17:01:44+08:00 ] 0.0.0.0 /shuxiu/index.php/SPage/exec/OPE/addContent/
INFO: [ app_begin ] --START--
INFO: ReadHtmlCache Behavior ::run [ RunTime:0.000621s ]
INFO: [ app_begin ] --END-- [ RunTime:0.000670s ]
NOTIC: [8192] mysql_connect(): The mysql extension is deprecated and will be removed in the future: use mysqli or PDO instead D:\xampp\htdocs\shuxiu\ThinkPHP\Lib\Driver\Db\DbMysql.class.php 第 55 行.
SQL: SHOW COLUMNS FROM `sx_category` [ RunTime:0.005328s ]
SQL: SHOW COLUMNS FROM `sx_content` [ RunTime:0.004644s ]
SQL: SHOW COLUMNS FROM `sx_admin_user` [ RunTime:0.004718s ]
SQL: INSERT INTO `sx_content` (`cid`,`title`,`content`,`description`,`inputtime`,`updatetime`) VALUES (0,'afd','&lt;p&gt;sds&lt;/p&gt;','&lt;p&gt;sds&lt;/p&gt;',1397984504,1397984504) [ RunTime:0.023594s ]
NOTIC: [2] Missing argument 2 for SPageAction::ajaxEcho(), called in D:\xampp\htdocs\shuxiu\Lib\Action\SPageAction.class.php on line 172 and defined D:\xampp\htdocs\shuxiu\Lib\Action\SPageAction.class.php 第 281 行.
NOTIC: [8] Undefined variable: arr D:\xampp\htdocs\shuxiu\Lib\Action\SPageAction.class.php 第 299 行.
NOTIC: [2] Invalid argument supplied for foreach() D:\xampp\htdocs\shuxiu\Lib\Action\SPageAction.class.php 第 299 行.

[ 2014-04-20T17:02:11+08:00 ] 0.0.0.0 /shuxiu/index.php/SPage/exec/OPE/addContent/
INFO: [ app_begin ] --START--
INFO: ReadHtmlCache Behavior ::run [ RunTime:0.000603s ]
INFO: [ app_begin ] --END-- [ RunTime:0.000650s ]
NOTIC: [8192] mysql_connect(): The mysql extension is deprecated and will be removed in the future: use mysqli or PDO instead D:\xampp\htdocs\shuxiu\ThinkPHP\Lib\Driver\Db\DbMysql.class.php 第 55 行.
SQL: SHOW COLUMNS FROM `sx_category` [ RunTime:0.005778s ]
SQL: SHOW COLUMNS FROM `sx_content` [ RunTime:0.004587s ]
SQL: SHOW COLUMNS FROM `sx_admin_user` [ RunTime:0.004295s ]
SQL: INSERT INTO `sx_content` (`cid`,`title`,`content`,`description`,`inputtime`,`updatetime`) VALUES (0,'wqrwqr','&lt;p&gt;wfrw&lt;/p&gt;','&lt;p&gt;wfrw&lt;/p&gt;',1397984531,1397984531) [ RunTime:0.033612s ]
NOTIC: [2] Missing argument 2 for SPageAction::ajaxEcho(), called in D:\xampp\htdocs\shuxiu\Lib\Action\SPageAction.class.php on line 172 and defined D:\xampp\htdocs\shuxiu\Lib\Action\SPageAction.class.php 第 281 行.
NOTIC: [8] Undefined variable: arr D:\xampp\htdocs\shuxiu\Lib\Action\SPageAction.class.php 第 299 行.
NOTIC: [2] Invalid argument supplied for foreach() D:\xampp\htdocs\shuxiu\Lib\Action\SPageAction.class.php 第 299 行.

[ 2014-04-20T17:02:12+08:00 ] 0.0.0.0 /shuxiu/index.php/SPage/exec/OPE/addContent/
INFO: [ app_begin ] --START--
INFO: ReadHtmlCache Behavior ::run [ RunTime:0.000652s ]
INFO: [ app_begin ] --END-- [ RunTime:0.000700s ]
NOTIC: [8192] mysql_connect(): The mysql extension is deprecated and will be removed in the future: use mysqli or PDO instead D:\xampp\htdocs\shuxiu\ThinkPHP\Lib\Driver\Db\DbMysql.class.php 第 55 行.
SQL: SHOW COLUMNS FROM `sx_category` [ RunTime:0.005084s ]
SQL: SHOW COLUMNS FROM `sx_content` [ RunTime:0.006045s ]
SQL: SHOW COLUMNS FROM `sx_admin_user` [ RunTime:0.005074s ]
SQL: INSERT INTO `sx_content` (`cid`,`title`,`content`,`description`,`inputtime`,`updatetime`) VALUES (0,'wqrwqr','&lt;p&gt;wfrw&lt;/p&gt;','&lt;p&gt;wfrw&lt;/p&gt;',1397984532,1397984532) [ RunTime:0.002107s ]
NOTIC: [2] Missing argument 2 for SPageAction::ajaxEcho(), called in D:\xampp\htdocs\shuxiu\Lib\Action\SPageAction.class.php on line 172 and defined D:\xampp\htdocs\shuxiu\Lib\Action\SPageAction.class.php 第 281 行.
NOTIC: [8] Undefined variable: arr D:\xampp\htdocs\shuxiu\Lib\Action\SPageAction.class.php 第 299 行.
NOTIC: [2] Invalid argument supplied for foreach() D:\xampp\htdocs\shuxiu\Lib\Action\SPageAction.class.php 第 299 行.

[ 2014-04-20T17:03:15+08:00 ] 0.0.0.0 /shuxiu/index.php/SPage/exec/OPE/addContent/
INFO: [ app_begin ] --START--
INFO: ReadHtmlCache Behavior ::run [ RunTime:0.000641s ]
INFO: [ app_begin ] --END-- [ RunTime:0.000691s ]
NOTIC: [8192] mysql_connect(): The mysql extension is deprecated and will be removed in the future: use mysqli or PDO instead D:\xampp\htdocs\shuxiu\ThinkPHP\Lib\Driver\Db\DbMysql.class.php 第 55 行.
SQL: SHOW COLUMNS FROM `sx_category` [ RunTime:0.005397s ]
SQL: SHOW COLUMNS FROM `sx_content` [ RunTime:0.004302s ]
SQL: SHOW COLUMNS FROM `sx_admin_user` [ RunTime:0.004451s ]
SQL: INSERT INTO `sx_content` (`cid`,`title`,`content`,`description`,`inputtime`,`updatetime`) VALUES (0,'AD','&lt;p&gt;saaf&lt;/p&gt;','&lt;p&gt;saaf&lt;/p&gt;',1397984595,1397984595) [ RunTime:0.021654s ]
NOTIC: [2] Missing argument 2 for SPageAction::ajaxEcho(), called in D:\xampp\htdocs\shuxiu\Lib\Action\SPageAction.class.php on line 172 and defined D:\xampp\htdocs\shuxiu\Lib\Action\SPageAction.class.php 第 281 行.
NOTIC: [8] Undefined variable: arr D:\xampp\htdocs\shuxiu\Lib\Action\SPageAction.class.php 第 299 行.
NOTIC: [2] Invalid argument supplied for foreach() D:\xampp\htdocs\shuxiu\Lib\Action\SPageAction.class.php 第 299 行.

[ 2014-04-20T17:03:21+08:00 ] 0.0.0.0 /shuxiu/index.php/SPage/exec/OPE/addContent/
INFO: [ app_begin ] --START--
INFO: ReadHtmlCache Behavior ::run [ RunTime:0.000631s ]
INFO: [ app_begin ] --END-- [ RunTime:0.000691s ]
NOTIC: [8192] mysql_connect(): The mysql extension is deprecated and will be removed in the future: use mysqli or PDO instead D:\xampp\htdocs\shuxiu\ThinkPHP\Lib\Driver\Db\DbMysql.class.php 第 55 行.
SQL: SHOW COLUMNS FROM `sx_category` [ RunTime:0.005663s ]
SQL: SHOW COLUMNS FROM `sx_content` [ RunTime:0.004373s ]
SQL: SHOW COLUMNS FROM `sx_admin_user` [ RunTime:0.004257s ]
SQL: INSERT INTO `sx_content` (`cid`,`title`,`content`,`description`,`inputtime`,`updatetime`) VALUES (0,'AD','&lt;p&gt;saaf&lt;/p&gt;','&lt;p&gt;saaf&lt;/p&gt;',1397984601,1397984601) [ RunTime:0.038703s ]
NOTIC: [2] Missing argument 2 for SPageAction::ajaxEcho(), called in D:\xampp\htdocs\shuxiu\Lib\Action\SPageAction.class.php on line 172 and defined D:\xampp\htdocs\shuxiu\Lib\Action\SPageAction.class.php 第 281 行.
NOTIC: [8] Undefined variable: arr D:\xampp\htdocs\shuxiu\Lib\Action\SPageAction.class.php 第 299 行.
NOTIC: [2] Invalid argument supplied for foreach() D:\xampp\htdocs\shuxiu\Lib\Action\SPageAction.class.php 第 299 行.

[ 2014-04-20T17:04:15+08:00 ] 0.0.0.0 /shuxiu/index.php/SPage/exec/OPE/addContent/
INFO: [ app_begin ] --START--
INFO: ReadHtmlCache Behavior ::run [ RunTime:0.000703s ]
INFO: [ app_begin ] --END-- [ RunTime:0.000753s ]
NOTIC: [8192] mysql_connect(): The mysql extension is deprecated and will be removed in the future: use mysqli or PDO instead D:\xampp\htdocs\shuxiu\ThinkPHP\Lib\Driver\Db\DbMysql.class.php 第 55 行.
SQL: SHOW COLUMNS FROM `sx_category` [ RunTime:0.005632s ]
SQL: SHOW COLUMNS FROM `sx_content` [ RunTime:0.004350s ]
SQL: SHOW COLUMNS FROM `sx_admin_user` [ RunTime:0.004156s ]
SQL: INSERT INTO `sx_content` (`cid`,`title`,`content`,`description`,`inputtime`,`updatetime`) VALUES (0,'w','&lt;p&gt;wrer&lt;/p&gt;','&lt;p&gt;wrer&lt;/p&gt;',1397984655,1397984655) [ RunTime:0.003747s ]
NOTIC: [2] Missing argument 2 for SPageAction::ajaxEcho(), called in D:\xampp\htdocs\shuxiu\Lib\Action\SPageAction.class.php on line 172 and defined D:\xampp\htdocs\shuxiu\Lib\Action\SPageAction.class.php 第 281 行.
NOTIC: [8] Undefined variable: arr D:\xampp\htdocs\shuxiu\Lib\Action\SPageAction.class.php 第 299 行.
NOTIC: [2] Invalid argument supplied for foreach() D:\xampp\htdocs\shuxiu\Lib\Action\SPageAction.class.php 第 299 行.

[ 2014-04-20T17:06:40+08:00 ] 0.0.0.0 /shuxiu/index.php/SPage/exec/OPE/addContent/
INFO: [ app_begin ] --START--
INFO: ReadHtmlCache Behavior ::run [ RunTime:0.000615s ]
INFO: [ app_begin ] --END-- [ RunTime:0.000663s ]
NOTIC: [8192] mysql_connect(): The mysql extension is deprecated and will be removed in the future: use mysqli or PDO instead D:\xampp\htdocs\shuxiu\ThinkPHP\Lib\Driver\Db\DbMysql.class.php 第 55 行.
SQL: SHOW COLUMNS FROM `sx_category` [ RunTime:0.005773s ]
SQL: SHOW COLUMNS FROM `sx_content` [ RunTime:0.004636s ]
SQL: SHOW COLUMNS FROM `sx_admin_user` [ RunTime:0.004416s ]
SQL: INSERT INTO `sx_content` (`cid`,`title`,`content`,`description`,`inputtime`,`updatetime`) VALUES (0,'asf','&lt;p&gt;asfaf&lt;/p&gt;','&lt;p&gt;asfaf&lt;/p&gt;',1397984800,1397984800) [ RunTime:0.031875s ]
NOTIC: [2] Missing argument 2 for SPageAction::ajaxEcho(), called in D:\xampp\htdocs\shuxiu\Lib\Action\SPageAction.class.php on line 172 and defined D:\xampp\htdocs\shuxiu\Lib\Action\SPageAction.class.php 第 281 行.
NOTIC: [8] Undefined variable: arr D:\xampp\htdocs\shuxiu\Lib\Action\SPageAction.class.php 第 299 行.
NOTIC: [2] Invalid argument supplied for foreach() D:\xampp\htdocs\shuxiu\Lib\Action\SPageAction.class.php 第 299 行.

[ 2014-04-20T17:07:12+08:00 ] 0.0.0.0 /shuxiu/index.php/SPage/exec/OPE/addContent/
INFO: [ app_begin ] --START--
INFO: ReadHtmlCache Behavior ::run [ RunTime:0.000617s ]
INFO: [ app_begin ] --END-- [ RunTime:0.000665s ]
NOTIC: [8192] mysql_connect(): The mysql extension is deprecated and will be removed in the future: use mysqli or PDO instead D:\xampp\htdocs\shuxiu\ThinkPHP\Lib\Driver\Db\DbMysql.class.php 第 55 行.
SQL: SHOW COLUMNS FROM `sx_category` [ RunTime:0.005300s ]
SQL: SHOW COLUMNS FROM `sx_content` [ RunTime:0.004351s ]
SQL: SHOW COLUMNS FROM `sx_admin_user` [ RunTime:0.004359s ]
SQL: INSERT INTO `sx_content` (`cid`,`title`,`content`,`description`,`inputtime`,`updatetime`) VALUES (0,'asfas','&lt;p&gt;afa&lt;/p&gt;','&lt;p&gt;afa&lt;/p&gt;',1397984832,1397984832) [ RunTime:0.021785s ]
NOTIC: [2] Missing argument 2 for SPageAction::ajaxEcho(), called in D:\xampp\htdocs\shuxiu\Lib\Action\SPageAction.class.php on line 172 and defined D:\xampp\htdocs\shuxiu\Lib\Action\SPageAction.class.php 第 281 行.
NOTIC: [8] Undefined variable: arr D:\xampp\htdocs\shuxiu\Lib\Action\SPageAction.class.php 第 299 行.
NOTIC: [2] Invalid argument supplied for foreach() D:\xampp\htdocs\shuxiu\Lib\Action\SPageAction.class.php 第 299 行.

[ 2014-04-20T17:09:19+08:00 ] 0.0.0.0 /shuxiu/index.php/SPage/exec/OPE/addContent/
INFO: [ app_begin ] --START--
INFO: ReadHtmlCache Behavior ::run [ RunTime:0.000699s ]
INFO: [ app_begin ] --END-- [ RunTime:0.000756s ]
NOTIC: [8192] mysql_connect(): The mysql extension is deprecated and will be removed in the future: use mysqli or PDO instead D:\xampp\htdocs\shuxiu\ThinkPHP\Lib\Driver\Db\DbMysql.class.php 第 55 行.
SQL: SHOW COLUMNS FROM `sx_category` [ RunTime:0.006110s ]
SQL: SHOW COLUMNS FROM `sx_content` [ RunTime:0.004522s ]
SQL: SHOW COLUMNS FROM `sx_admin_user` [ RunTime:0.004293s ]
SQL: INSERT INTO `sx_content` (`cid`,`title`,`content`,`description`,`inputtime`,`updatetime`) VALUES (0,'测试','&lt;p&gt;&lt;strong&gt;测试&lt;/strong&gt;&lt;br/&gt;&lt;/p&gt;','&lt;p&gt;&lt;strong&gt;测试&lt;/strong&gt;&lt;br/&gt;&lt;/p&gt;',1397984959,1397984959) [ RunTime:0.028510s ]
NOTIC: [2] Missing argument 2 for SPageAction::ajaxEcho(), called in D:\xampp\htdocs\shuxiu\Lib\Action\SPageAction.class.php on line 172 and defined D:\xampp\htdocs\shuxiu\Lib\Action\SPageAction.class.php 第 281 行.
NOTIC: [8] Undefined variable: arr D:\xampp\htdocs\shuxiu\Lib\Action\SPageAction.class.php 第 299 行.
NOTIC: [2] Invalid argument supplied for foreach() D:\xampp\htdocs\shuxiu\Lib\Action\SPageAction.class.php 第 299 行.

[ 2014-04-20T17:09:50+08:00 ] 0.0.0.0 /shuxiu/index.php/SPage/exec/OPE/addContent/
INFO: [ app_begin ] --START--
INFO: ReadHtmlCache Behavior ::run [ RunTime:0.000618s ]
INFO: [ app_begin ] --END-- [ RunTime:0.000664s ]
NOTIC: [8192] mysql_connect(): The mysql extension is deprecated and will be removed in the future: use mysqli or PDO instead D:\xampp\htdocs\shuxiu\ThinkPHP\Lib\Driver\Db\DbMysql.class.php 第 55 行.
SQL: SHOW COLUMNS FROM `sx_category` [ RunTime:0.006217s ]
SQL: SHOW COLUMNS FROM `sx_content` [ RunTime:0.006020s ]
SQL: SHOW COLUMNS FROM `sx_admin_user` [ RunTime:0.004992s ]
SQL: INSERT INTO `sx_content` (`cid`,`title`,`content`,`description`,`inputtime`,`updatetime`) VALUES (2,'测试','&lt;p&gt;&lt;em&gt;&lt;strong&gt;测试&lt;/strong&gt;&lt;/em&gt;&lt;/p&gt;','&lt;p&gt;&lt;em&gt;&lt;strong&gt;测试&lt;/strong&gt;&lt;/em&gt;&lt;/p&gt;',1397984990,1397984990) [ RunTime:0.029283s ]
NOTIC: [2] Missing argument 2 for SPageAction::ajaxEcho(), called in D:\xampp\htdocs\shuxiu\Lib\Action\SPageAction.class.php on line 172 and defined D:\xampp\htdocs\shuxiu\Lib\Action\SPageAction.class.php 第 281 行.
NOTIC: [8] Undefined variable: arr D:\xampp\htdocs\shuxiu\Lib\Action\SPageAction.class.php 第 299 行.
NOTIC: [2] Invalid argument supplied for foreach() D:\xampp\htdocs\shuxiu\Lib\Action\SPageAction.class.php 第 299 行.

[ 2014-04-20T17:18:13+08:00 ] 0.0.0.0 /shuxiu/index.php/SPage/exec/OPE/addContent/
INFO: [ app_begin ] --START--
INFO: ReadHtmlCache Behavior ::run [ RunTime:0.000625s ]
INFO: [ app_begin ] --END-- [ RunTime:0.000676s ]
NOTIC: [8192] mysql_connect(): The mysql extension is deprecated and will be removed in the future: use mysqli or PDO instead D:\xampp\htdocs\shuxiu\ThinkPHP\Lib\Driver\Db\DbMysql.class.php 第 55 行.
SQL: SHOW COLUMNS FROM `sx_category` [ RunTime:0.005713s ]
SQL: SHOW COLUMNS FROM `sx_content` [ RunTime:0.005087s ]
SQL: SHOW COLUMNS FROM `sx_admin_user` [ RunTime:0.004844s ]
SQL: INSERT INTO `sx_content` (`cid`,`title`,`content`,`description`,`inputtime`,`updatetime`) VALUES (3,'TEST','&lt;p&gt;gsgdsgdg&lt;/p&gt;','&lt;p&gt;gsgdsgdg&lt;/p&gt;',1397985493,1397985493) [ RunTime:0.002357s ]
NOTIC: [2] Missing argument 2 for SPageAction::ajaxEcho(), called in D:\xampp\htdocs\shuxiu\Lib\Action\SPageAction.class.php on line 172 and defined D:\xampp\htdocs\shuxiu\Lib\Action\SPageAction.class.php 第 281 行.
NOTIC: [8] Undefined variable: arr D:\xampp\htdocs\shuxiu\Lib\Action\SPageAction.class.php 第 299 行.
NOTIC: [2] Invalid argument supplied for foreach() D:\xampp\htdocs\shuxiu\Lib\Action\SPageAction.class.php 第 299 行.

[ 2014-04-20T17:18:46+08:00 ] 0.0.0.0 /shuxiu/index.php/SPage/exec/OPE/addContent/
INFO: [ app_begin ] --START--
INFO: ReadHtmlCache Behavior ::run [ RunTime:0.000659s ]
INFO: [ app_begin ] --END-- [ RunTime:0.000710s ]
NOTIC: [8192] mysql_connect(): The mysql extension is deprecated and will be removed in the future: use mysqli or PDO instead D:\xampp\htdocs\shuxiu\ThinkPHP\Lib\Driver\Db\DbMysql.class.php 第 55 行.
SQL: SHOW COLUMNS FROM `sx_category` [ RunTime:0.005530s ]
SQL: SHOW COLUMNS FROM `sx_content` [ RunTime:0.004380s ]
SQL: SHOW COLUMNS FROM `sx_admin_user` [ RunTime:0.004208s ]
SQL: INSERT INTO `sx_content` (`cid`,`title`,`content`,`description`,`inputtime`,`updatetime`) VALUES (3,'TEST','&lt;p&gt;afsd&lt;br/&gt;&lt;/p&gt;','&lt;p&gt;afsd&lt;br/&gt;&lt;/p&gt;',1397985526,1397985526) [ RunTime:0.019274s ]
NOTIC: [2] Missing argument 2 for SPageAction::ajaxEcho(), called in D:\xampp\htdocs\shuxiu\Lib\Action\SPageAction.class.php on line 172 and defined D:\xampp\htdocs\shuxiu\Lib\Action\SPageAction.class.php 第 281 行.
NOTIC: [8] Undefined variable: arr D:\xampp\htdocs\shuxiu\Lib\Action\SPageAction.class.php 第 299 行.
NOTIC: [2] Invalid argument supplied for foreach() D:\xampp\htdocs\shuxiu\Lib\Action\SPageAction.class.php 第 299 行.

[ 2014-04-20T17:20:06+08:00 ] 0.0.0.0 /shuxiu/index.php/SPage/exec/OPE/updateContent/
INFO: [ app_begin ] --START--
INFO: ReadHtmlCache Behavior ::run [ RunTime:0.000705s ]
INFO: [ app_begin ] --END-- [ RunTime:0.000754s ]
NOTIC: [8192] mysql_connect(): The mysql extension is deprecated and will be removed in the future: use mysqli or PDO instead D:\xampp\htdocs\shuxiu\ThinkPHP\Lib\Driver\Db\DbMysql.class.php 第 55 行.
SQL: SHOW COLUMNS FROM `sx_category` [ RunTime:0.005363s ]
SQL: SHOW COLUMNS FROM `sx_content` [ RunTime:0.004371s ]
SQL: SHOW COLUMNS FROM `sx_admin_user` [ RunTime:0.004602s ]
SQL: UPDATE `sx_content` SET `title`='TEST',`content`='&lt;p&gt;saf&lt;br/&gt;&lt;/p&gt;',`updatetime`=1397985606 WHERE ( `aid` = 3 ) [ RunTime:0.006927s ]
NOTIC: [2] Missing argument 2 for SPageAction::ajaxEcho(), called in D:\xampp\htdocs\shuxiu\Lib\Action\SPageAction.class.php on line 172 and defined D:\xampp\htdocs\shuxiu\Lib\Action\SPageAction.class.php 第 281 行.
NOTIC: [8] Undefined variable: arr D:\xampp\htdocs\shuxiu\Lib\Action\SPageAction.class.php 第 299 行.
NOTIC: [2] Invalid argument supplied for foreach() D:\xampp\htdocs\shuxiu\Lib\Action\SPageAction.class.php 第 299 行.

